This is pdfTeX, Version 3.14159265-2.6-1.40.17 (TeX Live 2016) (preloaded format=pdflatex 2017.2.8)  10 AUG 2019 04:50
entering extended mode
 restricted \write18 enabled.
 file:line:error style messages enabled.
 %&-line parsing enabled.
**Stmt_of_cont.tex
(./Stmt_of_cont.tex
LaTeX2e <2016/03/31>
Babel <3.9r> and hyphenation patterns for 83 language(s) loaded.

./Stmt_of_cont.tex:4: LaTeX Error: Missing \begin{document}.

See the LaTeX manual or LaTeX Companion for explanation.
Type  H <return>  for immediate help.
 ...                                              
                                                  
l.4 \bfseries{S
               tatement of contribution:}\mdseries\\
? 
./Stmt_of_cont.tex:4: Emergency stop.
 ...                                              
                                                  
l.4 \bfseries{S
               tatement of contribution:}\mdseries\\
You're in trouble here.  Try typing  <return>  to proceed.
If that doesn't work, type  X <return>  to quit.

 
Here is how much of TeX's memory you used:
 9 strings out of 493014
 305 string characters out of 6133352
 53601 words of memory out of 5000000
 3650 multiletter control sequences out of 15000+600000
 3948 words of font info for 15 fonts, out of 8000000 for 9000
 1141 hyphenation exceptions out of 8191
 12i,0n,9p,83b,38s stack positions out of 5000i,500n,10000p,200000b,80000s
./Stmt_of_cont.tex:4:  ==> Fatal error occurred, no output PDF file produced!
